Using pre-set license
Built from '2022.3/staging' branch; Version is '2022.3.13f1 (5f90a5ebde0f) revision 6262949'; Using compiler version '192829333'; Build Type 'Release'
OS: 'Windows 10  (10.0.19045) 64bit ProfessionalWorkstation' Language: 'tr' Physical Memory: 7991 MB
BatchMode: 1, IsHumanControllingUs: 0, StartBugReporterOnCrash: 0, Is64bit: 1, IsPro: 1

COMMAND LINE ARGUMENTS:
C:\Program Files\install unity editor\Unity 2022.3.13f1\Editor\Unity.exe
-adb2
-batchMode
-noUpm
-name
AssetImportWorker0
-projectPath
C:/Users/ENES/Unity Projects/SpaceShooter
-logFile
Logs/AssetImportWorker0.log
-srvPort
49932
Successfully changed project path to: C:/Users/ENES/Unity Projects/SpaceShooter
C:/Users/ENES/Unity Projects/SpaceShooter
[UnityMemory] Configuration Parameters - Can be set up in boot.config
    "memorysetup-bucket-allocator-granularity=16"
    "memorysetup-bucket-allocator-bucket-count=8"
    "memorysetup-bucket-allocator-block-size=33554432"
    "memorysetup-bucket-allocator-block-count=8"
    "memorysetup-main-allocator-block-size=16777216"
    "memorysetup-thread-allocator-block-size=16777216"
    "memorysetup-gfx-main-allocator-block-size=16777216"
    "memorysetup-gfx-thread-allocator-block-size=16777216"
    "memorysetup-cache-allocator-block-size=4194304"
    "memorysetup-typetree-allocator-block-size=2097152"
    "memorysetup-profiler-bucket-allocator-granularity=16"
    "memorysetup-profiler-bucket-allocator-bucket-count=8"
    "memorysetup-profiler-bucket-allocator-block-size=33554432"
    "memorysetup-profiler-bucket-allocator-block-count=8"
    "memorysetup-profiler-allocator-block-size=16777216"
    "memorysetup-profiler-editor-allocator-block-size=1048576"
    "memorysetup-temp-allocator-size-main=16777216"
    "memorysetup-job-temp-allocator-block-size=2097152"
    "memorysetup-job-temp-allocator-block-size-background=1048576"
    "memorysetup-job-temp-allocator-reduction-small-platforms=262144"
    "memorysetup-allocator-temp-initial-block-size-main=262144"
    "memorysetup-allocator-temp-initial-block-size-worker=262144"
    "memorysetup-temp-allocator-size-background-worker=32768"
    "memorysetup-temp-allocator-size-job-worker=262144"
    "memorysetup-temp-allocator-size-preload-manager=33554432"
    "memorysetup-temp-allocator-size-nav-mesh-worker=65536"
    "memorysetup-temp-allocator-size-audio-worker=65536"
    "memorysetup-temp-allocator-size-cloud-worker=32768"
    "memorysetup-temp-allocator-size-gi-baking-worker=262144"
    "memorysetup-temp-allocator-size-gfx=262144"
Player connection [2568] Host "[IP] 192.168.88.101 [Port] 0 [Flags] 2 [Guid] 952725106 [EditorId] 952725106 [Version] 1048832 [Id] WindowsEditor(7,DESKTOP-C95HC1U) [Debug] 1 [PackageName] WindowsEditor [ProjectName] Editor" joined multi-casting on [225.0.0.222:54997]...

Player connection [2568] Host "[IP] 192.168.88.101 [Port] 0 [Flags] 2 [Guid] 952725106 [EditorId] 952725106 [Version] 1048832 [Id] WindowsEditor(7,DESKTOP-C95HC1U) [Debug] 1 [PackageName] WindowsEditor [ProjectName] Editor" joined alternative multi-casting on [225.0.0.222:34997]...

[Physics::Module] Initialized MultithreadedJobDispatcher with 7 workers.
Refreshing native plugins compatible for Editor in 48.35 ms, found 3 plugins.
Preloading 0 native plugins for Editor in 0.00 ms.
Initialize engine version: 2022.3.13f1 (5f90a5ebde0f)
[Subsystems] Discovering subsystems at path C:/Program Files/install unity editor/Unity 2022.3.13f1/Editor/Data/Resources/UnitySubsystems
[Subsystems] Discovering subsystems at path C:/Users/ENES/Unity Projects/SpaceShooter/Assets
GfxDevice: creating device client; threaded=0; jobified=0
Direct3D:
    Version:  Direct3D 11.0 [level 11.1]
    Renderer: NVIDIA GeForce MX450 (ID=0x1f97)
    Vendor:   NVIDIA
    VRAM:     1928 MB
    Driver:   27.21.14.5245
Initialize mono
Mono path[0] = 'C:/Program Files/install unity editor/Unity 2022.3.13f1/Editor/Data/Managed'
Mono path[1] = 'C:/Program Files/install unity editor/Unity 2022.3.13f1/Editor/Data/MonoBleedingEdge/lib/mono/unityjit-win32'
Mono config path = 'C:/Program Files/install unity editor/Unity 2022.3.13f1/Editor/Data/MonoBleedingEdge/etc'
Using monoOptions --debugger-agent=transport=dt_socket,embedding=1,server=y,suspend=n,address=127.0.0.1:56204
Begin MonoManager ReloadAssembly
Registering precompiled unity dll's ...
Register platform support module: C:/Program Files/install unity editor/Unity 2022.3.13f1/Editor/Data/PlaybackEngines/AndroidPlayer/UnityEditor.Android.Extensions.dll
Register platform support module: C:/Program Files/install unity editor/Unity 2022.3.13f1/Editor/Data/PlaybackEngines/iOSSupport/UnityEditor.iOS.Extensions.dll
Register platform support module: C:/Program Files/install unity editor/Unity 2022.3.13f1/Editor/Data/PlaybackEngines/WindowsStandaloneSupport/UnityEditor.WindowsStandalone.Extensions.dll
Registered in 0.034659 seconds.
- Loaded All Assemblies, in  1.136 seconds
Native extension for WindowsStandalone target not found
[usbmuxd] Start listen thread
[usbmuxd] Listen thread started
Native extension for iOS target not found
Native extension for Android target not found
Mono: successfully reloaded assembly
- Finished resetting the current domain, in  0.813 seconds
Domain Reload Profiling: 1938ms
	BeginReloadAssembly (406ms)
		ExecutionOrderSort (0ms)
		DisableScriptedObjects (0ms)
		BackupInstance (0ms)
		ReleaseScriptingObjects (0ms)
		CreateAndSetChildDomain (1ms)
	RebuildCommonClasses (69ms)
	RebuildNativeTypeToScriptingClass (20ms)
	initialDomainReloadingComplete (188ms)
	LoadAllAssembliesAndSetupDomain (442ms)
		LoadAssemblies (404ms)
		RebuildTransferFunctionScriptingTraits (0ms)
		AnalyzeDomain (432ms)
			TypeCache.Refresh (429ms)
				TypeCache.ScanAssembly (386ms)
			ScanForSourceGeneratedMonoScriptInfo (1ms)
			ResolveRequiredComponents (1ms)
	FinalizeReload (814ms)
		ReleaseScriptCaches (0ms)
		RebuildScriptCaches (0ms)
		SetupLoadedEditorAssemblies (675ms)
			LogAssemblyErrors (0ms)
			InitializePlatformSupportModulesInManaged (286ms)
			SetLoadedEditorAssemblies (11ms)
			RefreshPlugins (0ms)
			BeforeProcessingInitializeOnLoad (4ms)
			ProcessInitializeOnLoadAttributes (233ms)
			ProcessInitializeOnLoadMethodAttributes (142ms)
			AfterProcessingInitializeOnLoad (0ms)
			EditorAssembliesLoaded (0ms)
		ExecutionOrderSort2 (0ms)
		AwakeInstancesAfterBackupRestoration (0ms)
========================================================================
Worker process is ready to serve import requests
Begin MonoManager ReloadAssembly
- Loaded All Assemblies, in  1.371 seconds
Refreshing native plugins compatible for Editor in 15.54 ms, found 3 plugins.
Native extension for WindowsStandalone target not found
Native extension for iOS target not found
Native extension for Android target not found
Package Manager log level set to [2]
[Package Manager] Server::EnsureServerProcessIsRunning -- launch failed, reason: Unity was launched with the -noUpm command-line argument
[Package Manager] UpmClient::Send -- Unable to send message (not connected to UPM process).
[Package Manager] Cannot connect to Unity Package Manager local server
Mono: successfully reloaded assembly
- Finished resetting the current domain, in  1.013 seconds
Domain Reload Profiling: 2382ms
	BeginReloadAssembly (234ms)
		ExecutionOrderSort (0ms)
		DisableScriptedObjects (10ms)
		BackupInstance (0ms)
		ReleaseScriptingObjects (0ms)
		CreateAndSetChildDomain (35ms)
	RebuildCommonClasses (72ms)
	RebuildNativeTypeToScriptingClass (19ms)
	initialDomainReloadingComplete (75ms)
	LoadAllAssembliesAndSetupDomain (965ms)
		LoadAssemblies (656ms)
		RebuildTransferFunctionScriptingTraits (0ms)
		AnalyzeDomain (439ms)
			TypeCache.Refresh (380ms)
				TypeCache.ScanAssembly (264ms)
			ScanForSourceGeneratedMonoScriptInfo (45ms)
			ResolveRequiredComponents (12ms)
	FinalizeReload (1017ms)
		ReleaseScriptCaches (0ms)
		RebuildScriptCaches (0ms)
		SetupLoadedEditorAssemblies (750ms)
			LogAssemblyErrors (0ms)
			InitializePlatformSupportModulesInManaged (59ms)
			SetLoadedEditorAssemblies (4ms)
			RefreshPlugins (0ms)
			BeforeProcessingInitializeOnLoad (83ms)
			ProcessInitializeOnLoadAttributes (522ms)
			ProcessInitializeOnLoadMethodAttributes (60ms)
			AfterProcessingInitializeOnLoad (20ms)
			EditorAssembliesLoaded (1ms)
		ExecutionOrderSort2 (0ms)
		AwakeInstancesAfterBackupRestoration (14ms)
Launched and connected shader compiler UnityShaderCompiler.exe after 0.06 seconds
Refreshing native plugins compatible for Editor in 7.40 ms, found 3 plugins.
Preloading 0 native plugins for Editor in 0.00 ms.
Unloading 3099 Unused Serialized files (Serialized files now loaded: 0)
Unloading 32 unused Assets / (57.1 KB). Loaded Objects now: 3566.
Memory consumption went from 127.8 MB to 127.7 MB.
Total: 6.509700 ms (FindLiveObjects: 0.806200 ms CreateObjectMapping: 0.605600 ms MarkObjects: 4.690800 ms  DeleteObjects: 0.402200 ms)

AssetImportParameters requested are different than current active one (requested -> active):
  custom:container-demuxer-ogg: 62fdf1f143b41e24485cea50d1cbac27 -> 
  custom:video-decoder-ogg-theora: a1e56fd34408186e4bbccfd4996cb3dc -> 
  custom:framework-win-MediaFoundation: 216162199b28c13a410421893ffa2e32 -> 
  custom:CustomObjectIndexerAttribute: 756ad292c208cfabdd7b50bc23989ffe -> 
  custom:container-demuxer-webm: 4f35f7cbe854078d1ac9338744f61a02 -> 
  custom:container-muxer-webm: aa71ff27fc2769a1b78a27578f13a17b -> 
  custom:video-decoder-webm-vp8: 9c59270c3fd7afecdb556c50c9e8de78 -> 
  custom:SearchIndexIgnoredProperties: e643bd26f0fe6173181afceb89e7c659 -> 
  custom:AudioImporter_EditorPlatform: d09bf68614088b80899f8185d706f6e7 -> 
  custom:video-encoder-webm-vp8: eb34c28f22e8b96e1ab97ce403110664 -> 
  custom:audio-decoder-ogg-vorbis: bf7c407c2cedff20999df2af8eb42d56 -> 
  custom:audio-encoder-webm-vorbis: bf7c407c2cedff20999df2af8eb42d56 -> 
  custom:scripting/precompiled-assembly-types:Assembly-CSharp: f1247b36683d2d3c4824b0ed9bb6dcc1 -> 2b3bb64e2a7f4de0abff705915357b7e
  custom:scripting/monoscript/fileName/DestroyByTime.cs:  -> c759e14ab8750c8d04899725c8ad0a85
========================================================================
Received Prepare
Begin MonoManager ReloadAssembly
- Loaded All Assemblies, in  1.197 seconds
Refreshing native plugins compatible for Editor in 6.68 ms, found 3 plugins.
Native extension for WindowsStandalone target not found
Native extension for iOS target not found
Native extension for Android target not found
[Package Manager] Server::EnsureServerProcessIsRunning -- launch failed, reason: Unity was launched with the -noUpm command-line argument
[Package Manager] UpmClient::Send -- Unable to send message (not connected to UPM process).
[Package Manager] Cannot connect to Unity Package Manager local server
Mono: successfully reloaded assembly
- Finished resetting the current domain, in  2.269 seconds
Domain Reload Profiling: 3460ms
	BeginReloadAssembly (568ms)
		ExecutionOrderSort (0ms)
		DisableScriptedObjects (9ms)
		BackupInstance (0ms)
		ReleaseScriptingObjects (1ms)
		CreateAndSetChildDomain (68ms)
	RebuildCommonClasses (55ms)
	RebuildNativeTypeToScriptingClass (17ms)
	initialDomainReloadingComplete (43ms)
	LoadAllAssembliesAndSetupDomain (509ms)
		LoadAssemblies (921ms)
		RebuildTransferFunctionScriptingTraits (0ms)
		AnalyzeDomain (11ms)
			TypeCache.Refresh (6ms)
				TypeCache.ScanAssembly (0ms)
			ScanForSourceGeneratedMonoScriptInfo (0ms)
			ResolveRequiredComponents (5ms)
	FinalizeReload (2269ms)
		ReleaseScriptCaches (0ms)
		RebuildScriptCaches (0ms)
		SetupLoadedEditorAssemblies (731ms)
			LogAssemblyErrors (0ms)
			InitializePlatformSupportModulesInManaged (103ms)
			SetLoadedEditorAssemblies (7ms)
			RefreshPlugins (0ms)
			BeforeProcessingInitializeOnLoad (117ms)
			ProcessInitializeOnLoadAttributes (469ms)
			ProcessInitializeOnLoadMethodAttributes (23ms)
			AfterProcessingInitializeOnLoad (12ms)
			EditorAssembliesLoaded (0ms)
		ExecutionOrderSort2 (0ms)
		AwakeInstancesAfterBackupRestoration (9ms)
Refreshing native plugins compatible for Editor in 9.17 ms, found 3 plugins.
Preloading 0 native plugins for Editor in 0.00 ms.
Unloading 3091 Unused Serialized files (Serialized files now loaded: 0)
Unloading 23 unused Assets / (31.0 KB). Loaded Objects now: 3569.
Memory consumption went from 128.0 MB to 128.0 MB.
Total: 7.873700 ms (FindLiveObjects: 0.473600 ms CreateObjectMapping: 0.604700 ms MarkObjects: 6.618500 ms  DeleteObjects: 0.171200 ms)

Prepare: number of updated asset objects reloaded= 0
AssetImportParameters requested are different than current active one (requested -> active):
  custom:container-demuxer-ogg: 62fdf1f143b41e24485cea50d1cbac27 -> 
  custom:video-decoder-ogg-theora: a1e56fd34408186e4bbccfd4996cb3dc -> 
  custom:framework-win-MediaFoundation: 216162199b28c13a410421893ffa2e32 -> 
  custom:CustomObjectIndexerAttribute: 756ad292c208cfabdd7b50bc23989ffe -> 
  custom:container-demuxer-webm: 4f35f7cbe854078d1ac9338744f61a02 -> 
  custom:container-muxer-webm: aa71ff27fc2769a1b78a27578f13a17b -> 
  custom:video-decoder-webm-vp8: 9c59270c3fd7afecdb556c50c9e8de78 -> 
  custom:SearchIndexIgnoredProperties: e643bd26f0fe6173181afceb89e7c659 -> 
  custom:AudioImporter_EditorPlatform: d09bf68614088b80899f8185d706f6e7 -> 
  custom:video-encoder-webm-vp8: eb34c28f22e8b96e1ab97ce403110664 -> 
  custom:audio-decoder-ogg-vorbis: bf7c407c2cedff20999df2af8eb42d56 -> 
  custom:audio-encoder-webm-vorbis: bf7c407c2cedff20999df2af8eb42d56 -> 
========================================================================
Received Import Request.
  Time since last request: 746.215560 seconds.
  path: Assets/Scripts/DestroyByTime.cs
  artifactKey: Guid(05d1a49cfa403dc439fe9cb4bf48c1d3) Importer(815301076,1909f56bfc062723c751e8b465ee728b)
Start importing Assets/Scripts/DestroyByTime.cs using Guid(05d1a49cfa403dc439fe9cb4bf48c1d3) Importer(815301076,1909f56bfc062723c751e8b465ee728b)  -> (artifact id: '90b9d4b30ddbbca4d48bf48b41c3916c') in 0.007264 seconds
Number of updated asset objects reloaded before import = 0
Number of asset objects unloaded after import = 0
========================================================================
Received Import Request.
  Time since last request: 89.453658 seconds.
  path: Assets/Scripts/DestroyByTime.cs
  artifactKey: Guid(05d1a49cfa403dc439fe9cb4bf48c1d3) Importer(815301076,1909f56bfc062723c751e8b465ee728b)
Start importing Assets/Scripts/DestroyByTime.cs using Guid(05d1a49cfa403dc439fe9cb4bf48c1d3) Importer(815301076,1909f56bfc062723c751e8b465ee728b)  -> (artifact id: 'cc685dc6596a58084220befa45a27d1a') in 0.001024 seconds
Number of updated asset objects reloaded before import = 0
Number of asset objects unloaded after import = 0
========================================================================
Received Prepare
Begin MonoManager ReloadAssembly
- Loaded All Assemblies, in  1.110 seconds
Refreshing native plugins compatible for Editor in 4.80 ms, found 3 plugins.
Native extension for WindowsStandalone target not found
Native extension for iOS target not found
Native extension for Android target not found
[Package Manager] Server::EnsureServerProcessIsRunning -- launch failed, reason: Unity was launched with the -noUpm command-line argument
[Package Manager] UpmClient::Send -- Unable to send message (not connected to UPM process).
[Package Manager] Cannot connect to Unity Package Manager local server
Mono: successfully reloaded assembly
- Finished resetting the current domain, in  2.118 seconds
Domain Reload Profiling: 3220ms
	BeginReloadAssembly (340ms)
		ExecutionOrderSort (0ms)
		DisableScriptedObjects (11ms)
		BackupInstance (0ms)
		ReleaseScriptingObjects (2ms)
		CreateAndSetChildDomain (49ms)
	RebuildCommonClasses (77ms)
	RebuildNativeTypeToScriptingClass (21ms)
	initialDomainReloadingComplete (63ms)
	LoadAllAssembliesAndSetupDomain (600ms)
		LoadAssemblies (781ms)
		RebuildTransferFunctionScriptingTraits (0ms)
		AnalyzeDomain (31ms)
			TypeCache.Refresh (13ms)
				TypeCache.ScanAssembly (0ms)
			ScanForSourceGeneratedMonoScriptInfo (12ms)
			ResolveRequiredComponents (5ms)
	FinalizeReload (2119ms)
		ReleaseScriptCaches (0ms)
		RebuildScriptCaches (0ms)
		SetupLoadedEditorAssemblies (589ms)
			LogAssemblyErrors (0ms)
			InitializePlatformSupportModulesInManaged (84ms)
			SetLoadedEditorAssemblies (7ms)
			RefreshPlugins (0ms)
			BeforeProcessingInitializeOnLoad (87ms)
			ProcessInitializeOnLoadAttributes (375ms)
			ProcessInitializeOnLoadMethodAttributes (23ms)
			AfterProcessingInitializeOnLoad (14ms)
			EditorAssembliesLoaded (0ms)
		ExecutionOrderSort2 (0ms)
		AwakeInstancesAfterBackupRestoration (11ms)
Refreshing native plugins compatible for Editor in 10.45 ms, found 3 plugins.
Preloading 0 native plugins for Editor in 0.00 ms.
Unloading 3090 Unused Serialized files (Serialized files now loaded: 0)
Unloading 23 unused Assets / (31.0 KB). Loaded Objects now: 3572.
Memory consumption went from 129.7 MB to 129.7 MB.
Total: 11.517700 ms (FindLiveObjects: 0.450100 ms CreateObjectMapping: 3.305100 ms MarkObjects: 7.667900 ms  DeleteObjects: 0.089200 ms)

Prepare: number of updated asset objects reloaded= 0
AssetImportParameters requested are different than current active one (requested -> active):
  custom:container-demuxer-ogg: 62fdf1f143b41e24485cea50d1cbac27 -> 
  custom:video-decoder-ogg-theora: a1e56fd34408186e4bbccfd4996cb3dc -> 
  custom:framework-win-MediaFoundation: 216162199b28c13a410421893ffa2e32 -> 
  custom:CustomObjectIndexerAttribute: 756ad292c208cfabdd7b50bc23989ffe -> 
  custom:container-demuxer-webm: 4f35f7cbe854078d1ac9338744f61a02 -> 
  custom:container-muxer-webm: aa71ff27fc2769a1b78a27578f13a17b -> 
  custom:video-decoder-webm-vp8: 9c59270c3fd7afecdb556c50c9e8de78 -> 
  custom:SearchIndexIgnoredProperties: e643bd26f0fe6173181afceb89e7c659 -> 
  custom:AudioImporter_EditorPlatform: d09bf68614088b80899f8185d706f6e7 -> 
  custom:video-encoder-webm-vp8: eb34c28f22e8b96e1ab97ce403110664 -> 
  custom:audio-decoder-ogg-vorbis: bf7c407c2cedff20999df2af8eb42d56 -> 
  custom:audio-encoder-webm-vorbis: bf7c407c2cedff20999df2af8eb42d56 -> 
========================================================================
Received Import Request.
  Time since last request: 161.053064 seconds.
  path: Assets/SpaceShooterAssets/SpaceShooterAssets/Prefabs/VFX/Explosions/explosion_player.prefab
  artifactKey: Guid(a93496017806b7740910df5fd946f306) Importer(815301076,1909f56bfc062723c751e8b465ee728b)
Start importing Assets/SpaceShooterAssets/SpaceShooterAssets/Prefabs/VFX/Explosions/explosion_player.prefab using Guid(a93496017806b7740910df5fd946f306) Importer(815301076,1909f56bfc062723c751e8b465ee728b)  -> (artifact id: '4554c5bcaae193e74a453f4bd38846fc') in 0.208504 seconds
Number of updated asset objects reloaded before import = 0
Number of asset objects unloaded after import = 42
========================================================================
Received Import Request.
  Time since last request: 197.033111 seconds.
  path: Assets/SpaceShooterAssets/SpaceShooterAssets/Prefabs/VFX/Explosions/explosion_asteroid.prefab
  artifactKey: Guid(2857e183f4cd3df4e9096e5b578bd32f) Importer(815301076,1909f56bfc062723c751e8b465ee728b)
Start importing Assets/SpaceShooterAssets/SpaceShooterAssets/Prefabs/VFX/Explosions/explosion_asteroid.prefab using Guid(2857e183f4cd3df4e9096e5b578bd32f) Importer(815301076,1909f56bfc062723c751e8b465ee728b)  -> (artifact id: '94fb996620b34277bfb2cb28883a4f62') in 0.026977 seconds
Number of updated asset objects reloaded before import = 0
Number of asset objects unloaded after import = 27
========================================================================
Received Import Request.
  Time since last request: 3.730203 seconds.
  path: Assets/SpaceShooterAssets/SpaceShooterAssets/Prefabs/VFX/Explosions/explosion_enemy.prefab
  artifactKey: Guid(384371afbb4354cc9a3fc68eab303756) Importer(815301076,1909f56bfc062723c751e8b465ee728b)
Start importing Assets/SpaceShooterAssets/SpaceShooterAssets/Prefabs/VFX/Explosions/explosion_enemy.prefab using Guid(384371afbb4354cc9a3fc68eab303756) Importer(815301076,1909f56bfc062723c751e8b465ee728b)  -> (artifact id: 'a5273333c68233837bb06b88ea482bb5') in 0.021770 seconds
Number of updated asset objects reloaded before import = 0
Number of asset objects unloaded after import = 36
========================================================================
Received Import Request.
  Time since last request: 2.319368 seconds.
  path: Assets/SpaceShooterAssets/SpaceShooterAssets/Prefabs/VFX/Explosions/explosion_player.prefab
  artifactKey: Guid(a93496017806b7740910df5fd946f306) Importer(815301076,1909f56bfc062723c751e8b465ee728b)
Start importing Assets/SpaceShooterAssets/SpaceShooterAssets/Prefabs/VFX/Explosions/explosion_player.prefab using Guid(a93496017806b7740910df5fd946f306) Importer(815301076,1909f56bfc062723c751e8b465ee728b)  -> (artifact id: 'bccc56fc6595befb3cd70c4c1145f1b6') in 0.021573 seconds
Number of updated asset objects reloaded before import = 0
Number of asset objects unloaded after import = 41
========================================================================
Received Import Request.
  Time since last request: 39.666503 seconds.
  path: Assets/SpaceShooterAssets/SpaceShooterAssets/Prefabs/VFX/Explosions/explosion_asteroid.prefab
  artifactKey: Guid(2857e183f4cd3df4e9096e5b578bd32f) Importer(815301076,1909f56bfc062723c751e8b465ee728b)
Start importing Assets/SpaceShooterAssets/SpaceShooterAssets/Prefabs/VFX/Explosions/explosion_asteroid.prefab using Guid(2857e183f4cd3df4e9096e5b578bd32f) Importer(815301076,1909f56bfc062723c751e8b465ee728b)  -> (artifact id: '2d63e67cbb396d2138ca102dd1395cfa') in 0.020784 seconds
Number of updated asset objects reloaded before import = 0
Number of asset objects unloaded after import = 28
========================================================================
Received Import Request.
  Time since last request: 5.222761 seconds.
  path: Assets/SpaceShooterAssets/SpaceShooterAssets/Prefabs/VFX/Explosions/explosion_enemy.prefab
  artifactKey: Guid(384371afbb4354cc9a3fc68eab303756) Importer(815301076,1909f56bfc062723c751e8b465ee728b)
Start importing Assets/SpaceShooterAssets/SpaceShooterAssets/Prefabs/VFX/Explosions/explosion_enemy.prefab using Guid(384371afbb4354cc9a3fc68eab303756) Importer(815301076,1909f56bfc062723c751e8b465ee728b)  -> (artifact id: '819cda22abc900bb4c563670b39e0a69') in 0.017974 seconds
Number of updated asset objects reloaded before import = 0
Number of asset objects unloaded after import = 37
========================================================================
Received Import Request.
  Time since last request: 2.982234 seconds.
  path: Assets/SpaceShooterAssets/SpaceShooterAssets/Prefabs/VFX/Explosions/explosion_player.prefab
  artifactKey: Guid(a93496017806b7740910df5fd946f306) Importer(815301076,1909f56bfc062723c751e8b465ee728b)
Start importing Assets/SpaceShooterAssets/SpaceShooterAssets/Prefabs/VFX/Explosions/explosion_player.prefab using Guid(a93496017806b7740910df5fd946f306) Importer(815301076,1909f56bfc062723c751e8b465ee728b)  -> (artifact id: '8bd29605257f7f8fce804c6304372be1') in 0.021514 seconds
Number of updated asset objects reloaded before import = 0
Number of asset objects unloaded after import = 42
========================================================================
Received Import Request.
  Time since last request: 3.248358 seconds.
  path: Assets/SpaceShooterAssets/SpaceShooterAssets/Prefabs/VFX/Explosions/explosion_player.prefab
  artifactKey: Guid(a93496017806b7740910df5fd946f306) Importer(815301076,1909f56bfc062723c751e8b465ee728b)
Start importing Assets/SpaceShooterAssets/SpaceShooterAssets/Prefabs/VFX/Explosions/explosion_player.prefab using Guid(a93496017806b7740910df5fd946f306) Importer(815301076,1909f56bfc062723c751e8b465ee728b)  -> (artifact id: '1ec8069ab44c0627979b9cced8f187f8') in 0.022432 seconds
Number of updated asset objects reloaded before import = 0
Number of asset objects unloaded after import = 42
========================================================================
Received Import Request.
  Time since last request: 6.518563 seconds.
  path: Assets/SpaceShooterAssets/SpaceShooterAssets/Prefabs/VFX/Explosions/explosion_asteroid.prefab
  artifactKey: Guid(2857e183f4cd3df4e9096e5b578bd32f) Importer(815301076,1909f56bfc062723c751e8b465ee728b)
Start importing Assets/SpaceShooterAssets/SpaceShooterAssets/Prefabs/VFX/Explosions/explosion_asteroid.prefab using Guid(2857e183f4cd3df4e9096e5b578bd32f) Importer(815301076,1909f56bfc062723c751e8b465ee728b)  -> (artifact id: '1bae5fd3200f63ed7c3a0cfb26eae2a7') in 0.030822 seconds
Number of updated asset objects reloaded before import = 0
Number of asset objects unloaded after import = 28
========================================================================
Received Import Request.
  Time since last request: 76.057934 seconds.
  path: Assets/SpaceShooterAssets/SpaceShooterAssets/Prefabs/Asteroids.prefab
  artifactKey: Guid(9b26e07df0dcddd40bf08944a7158c4b) Importer(815301076,1909f56bfc062723c751e8b465ee728b)
Start importing Assets/SpaceShooterAssets/SpaceShooterAssets/Prefabs/Asteroids.prefab using Guid(9b26e07df0dcddd40bf08944a7158c4b) Importer(815301076,1909f56bfc062723c751e8b465ee728b)  -> (artifact id: '25b2a708676b131020385f64a426bbf5') in 0.069902 seconds
Number of updated asset objects reloaded before import = 0
Number of asset objects unloaded after import = 23
========================================================================
Received Import Request.
  Time since last request: 26.922760 seconds.
  path: Assets/SpaceShooterAssets/SpaceShooterAssets/Prefabs/Asteroids.prefab
  artifactKey: Guid(9b26e07df0dcddd40bf08944a7158c4b) Importer(815301076,1909f56bfc062723c751e8b465ee728b)
Start importing Assets/SpaceShooterAssets/SpaceShooterAssets/Prefabs/Asteroids.prefab using Guid(9b26e07df0dcddd40bf08944a7158c4b) Importer(815301076,1909f56bfc062723c751e8b465ee728b)  -> (artifact id: '2ce7495c0184008fabf0c8864e35252c') in 0.027131 seconds
Number of updated asset objects reloaded before import = 0
Number of asset objects unloaded after import = 50
========================================================================
Received Import Request.
  Time since last request: 13.975653 seconds.
  path: Assets/SpaceShooterAssets/SpaceShooterAssets/Prefabs/Asteroids.prefab
  artifactKey: Guid(9b26e07df0dcddd40bf08944a7158c4b) Importer(815301076,1909f56bfc062723c751e8b465ee728b)
Start importing Assets/SpaceShooterAssets/SpaceShooterAssets/Prefabs/Asteroids.prefab using Guid(9b26e07df0dcddd40bf08944a7158c4b) Importer(815301076,1909f56bfc062723c751e8b465ee728b)  -> (artifact id: '3353f9939b57b7d3f1b299e8010e188c') in 0.029402 seconds
Number of updated asset objects reloaded before import = 0
Number of asset objects unloaded after import = 85
TcpMessagingSession - receive error
AssetImportWorkerClient::OnTransportError - code=10054 error=Varolan bir baðlantý uzaktaki bir ana bilgisayar tarafýndan zorla kapatýldý.
